[debug] [2018-08-20T20:53:55.510Z] ----------------------------------------------------------------------
[debug] [2018-08-20T20:53:55.515Z] Command:       /usr/local/bin/node /usr/local/bin/firebase deploy --only functions
[debug] [2018-08-20T20:53:55.515Z] CLI Version:   4.1.1
[debug] [2018-08-20T20:53:55.515Z] Platform:      darwin
[debug] [2018-08-20T20:53:55.515Z] Node Version:  v8.11.0
[debug] [2018-08-20T20:53:55.516Z] Time:          Mon Aug 20 2018 16:53:55 GMT-0400 (EDT)
[debug] [2018-08-20T20:53:55.516Z] ----------------------------------------------------------------------
[debug] 
[debug] [2018-08-20T20:53:55.528Z] > command requires scopes: ["email","openid","https://www.googleapis.com/auth/cloudplatformprojects.readonly","https://www.googleapis.com/auth/firebase","https://www.googleapis.com/auth/cloud-platform"]
[debug] [2018-08-20T20:53:55.529Z] > authorizing via signed-in user
[debug] [2018-08-20T20:53:55.530Z] >>> HTTP REQUEST GET https://admin.firebase.com/v1/projects/molli-e1c3f  
 
[debug] [2018-08-20T20:53:55.788Z] <<< HTTP RESPONSE 200
[debug] [2018-08-20T20:53:55.789Z] >>> HTTP REQUEST GET https://admin.firebase.com/v1/database/molli-e1c3f/tokens  
 
[debug] [2018-08-20T20:53:56.086Z] <<< HTTP RESPONSE 200
[info] 
[info] === Deploying to 'molli-e1c3f'...
[info] 
[info] i  deploying functions
[debug] [2018-08-20T20:53:59.154Z] > [functions] package.json contents: {
  "name": "functions",
  "description": "Cloud Functions for Firebase",
  "scripts": {
    "lint": "eslint .",
    "serve": "firebase serve --only functions",
    "shell": "firebase functions:shell",
    "start": "npm run shell",
    "deploy": "firebase deploy --only functions",
    "logs": "firebase functions:log"
  },
  "dependencies": {
    "firebase-admin": "~5.13.0",
    "firebase-functions": "^2.0.0",
    "fortnite-api": "^2.12.2",
    "request": "^2.88.0",
    "request-promise": "^4.2.2"
  },
  "devDependencies": {
    "eslint": "^4.12.0",
    "eslint-plugin-promise": "^3.6.0"
  },
  "private": true
}
[info] i  functions: ensuring necessary APIs are enabled...
[debug] [2018-08-20T20:53:59.155Z] >>> HTTP REQUEST GET https://servicemanagement.googleapis.com/v1/services/cloudfunctions.googleapis.com/projectSettings/molli-e1c3f?view=CONSUMER_VIEW  
 
[debug] [2018-08-20T20:53:59.156Z] >>> HTTP REQUEST GET https://servicemanagement.googleapis.com/v1/services/runtimeconfig.googleapis.com/projectSettings/molli-e1c3f?view=CONSUMER_VIEW  
 
[debug] [2018-08-20T20:53:59.911Z] <<< HTTP RESPONSE 200
[info] ✔  functions: all necessary APIs are enabled
[debug] [2018-08-20T20:53:59.949Z] <<< HTTP RESPONSE 200
[debug] [2018-08-20T20:53:59.950Z] >>> HTTP REQUEST GET https://cloudresourcemanager.googleapis.com/v1/projects/molli-e1c3f  
 
[debug] [2018-08-20T20:54:00.159Z] <<< HTTP RESPONSE 200
[debug] [2018-08-20T20:54:00.159Z] >>> HTTP REQUEST GET https://mobilesdk-pa.googleapis.com/v1/projects/332857176669:getServerAppConfig  
 
[debug] [2018-08-20T20:54:00.420Z] <<< HTTP RESPONSE 200
[info] i  functions: preparing functions directory for uploading...
[debug] [2018-08-20T20:54:00.423Z] >>> HTTP REQUEST GET https://runtimeconfig.googleapis.com/v1beta1/projects/molli-e1c3f/configs  
 
[debug] [2018-08-20T20:54:00.561Z] <<< HTTP RESPONSE 200
[debug] [2018-08-20T20:54:00.563Z] >>> HTTP REQUEST GET https://runtimeconfig.googleapis.com/v1beta1/projects/molli-e1c3f/configs/venmo/variables  
 
[debug] [2018-08-20T20:54:00.563Z] >>> HTTP REQUEST GET https://runtimeconfig.googleapis.com/v1beta1/projects/molli-e1c3f/configs/betafortniteapi/variables  
 
[debug] [2018-08-20T20:54:00.564Z] >>> HTTP REQUEST GET https://runtimeconfig.googleapis.com/v1beta1/projects/molli-e1c3f/configs/fortniteapi/variables  
 
[debug] [2018-08-20T20:54:00.564Z] >>> HTTP REQUEST GET https://runtimeconfig.googleapis.com/v1beta1/projects/molli-e1c3f/configs/facebook/variables  
 
[debug] [2018-08-20T20:54:00.565Z] >>> HTTP REQUEST GET https://runtimeconfig.googleapis.com/v1beta1/projects/molli-e1c3f/configs/firestore/variables  
 
[debug] [2018-08-20T20:54:00.667Z] <<< HTTP RESPONSE 200
[debug] [2018-08-20T20:54:00.669Z] >>> HTTP REQUEST GET https://runtimeconfig.googleapis.com/v1beta1/projects/molli-e1c3f/configs/facebook/variables/key  
 
[debug] [2018-08-20T20:54:00.669Z] >>> HTTP REQUEST GET https://runtimeconfig.googleapis.com/v1beta1/projects/molli-e1c3f/configs/facebook/variables/id  
 
[debug] [2018-08-20T20:54:00.675Z] <<< HTTP RESPONSE 200
[debug] [2018-08-20T20:54:00.676Z] >>> HTTP REQUEST GET https://runtimeconfig.googleapis.com/v1beta1/projects/molli-e1c3f/configs/betafortniteapi/variables/clienttoken  
 
[debug] [2018-08-20T20:54:00.677Z] >>> HTTP REQUEST GET https://runtimeconfig.googleapis.com/v1beta1/projects/molli-e1c3f/configs/betafortniteapi/variables/gametoken  
 
[debug] [2018-08-20T20:54:00.677Z] >>> HTTP REQUEST GET https://runtimeconfig.googleapis.com/v1beta1/projects/molli-e1c3f/configs/betafortniteapi/variables/password  
 
[debug] [2018-08-20T20:54:00.678Z] >>> HTTP REQUEST GET https://runtimeconfig.googleapis.com/v1beta1/projects/molli-e1c3f/configs/betafortniteapi/variables/user  
 
[debug] [2018-08-20T20:54:00.678Z] <<< HTTP RESPONSE 200
[debug] [2018-08-20T20:54:00.679Z] >>> HTTP REQUEST GET https://runtimeconfig.googleapis.com/v1beta1/projects/molli-e1c3f/configs/venmo/variables/id  
 
[debug] [2018-08-20T20:54:00.679Z] >>> HTTP REQUEST GET https://runtimeconfig.googleapis.com/v1beta1/projects/molli-e1c3f/configs/venmo/variables/token  
 
[debug] [2018-08-20T20:54:00.697Z] <<< HTTP RESPONSE 200
[debug] [2018-08-20T20:54:00.699Z] >>> HTTP REQUEST GET https://runtimeconfig.googleapis.com/v1beta1/projects/molli-e1c3f/configs/firestore/variables/apikey  
 
[debug] [2018-08-20T20:54:00.699Z] >>> HTTP REQUEST GET https://runtimeconfig.googleapis.com/v1beta1/projects/molli-e1c3f/configs/firestore/variables/authdomain  
 
[debug] [2018-08-20T20:54:00.700Z] >>> HTTP REQUEST GET https://runtimeconfig.googleapis.com/v1beta1/projects/molli-e1c3f/configs/firestore/variables/databaseurl  
 
[debug] [2018-08-20T20:54:00.700Z] >>> HTTP REQUEST GET https://runtimeconfig.googleapis.com/v1beta1/projects/molli-e1c3f/configs/firestore/variables/messagingsenderid  
 
[debug] [2018-08-20T20:54:00.701Z] >>> HTTP REQUEST GET https://runtimeconfig.googleapis.com/v1beta1/projects/molli-e1c3f/configs/firestore/variables/projectid  
 
[debug] [2018-08-20T20:54:00.712Z] <<< HTTP RESPONSE 200
[debug] [2018-08-20T20:54:00.712Z] >>> HTTP REQUEST GET https://runtimeconfig.googleapis.com/v1beta1/projects/molli-e1c3f/configs/fortniteapi/variables/key  
 
[debug] [2018-08-20T20:54:00.789Z] <<< HTTP RESPONSE 200
[debug] [2018-08-20T20:54:00.792Z] <<< HTTP RESPONSE 200
[debug] [2018-08-20T20:54:00.793Z] <<< HTTP RESPONSE 200
[debug] [2018-08-20T20:54:00.795Z] <<< HTTP RESPONSE 200
[debug] [2018-08-20T20:54:00.803Z] <<< HTTP RESPONSE 200
[debug] [2018-08-20T20:54:00.804Z] <<< HTTP RESPONSE 200
[debug] [2018-08-20T20:54:00.806Z] <<< HTTP RESPONSE 200
[debug] [2018-08-20T20:54:00.806Z] <<< HTTP RESPONSE 200
[debug] [2018-08-20T20:54:00.808Z] <<< HTTP RESPONSE 200
[debug] [2018-08-20T20:54:00.809Z] <<< HTTP RESPONSE 200
[debug] [2018-08-20T20:54:00.809Z] <<< HTTP RESPONSE 200
[debug] [2018-08-20T20:54:00.821Z] <<< HTTP RESPONSE 200
[debug] [2018-08-20T20:54:00.827Z] <<< HTTP RESPONSE 200
[debug] [2018-08-20T20:54:00.836Z] <<< HTTP RESPONSE 200
[info] i  functions: packaged functions (54.79 KB) for uploading
[debug] [2018-08-20T20:54:01.569Z] >>> HTTP REQUEST POST https://cloudfunctions.googleapis.com/v1/projects/molli-e1c3f/locations/us-central1/functions:generateUploadUrl  
 
[debug] [2018-08-20T20:54:02.003Z] <<< HTTP RESPONSE 200
[debug] [2018-08-20T20:54:02.003Z] >>> HTTP REQUEST PUT https://storage.googleapis.com/gcf-upload-us-central1-89f3fd61-9b1e-48ea-8315-b3ce6f401d48/edaf441c-8654-4cd5-bb7f-e8ac1c70b254.zip?GoogleAccessId=service-332857176669@gcf-admin-robot.iam.gserviceaccount.com&Expires=1534800241&Signature=vWgG88a7QgaHNm5ybZ8RekQ8QpNLg6y3qROGQtLPJEX9%2BDb2nxNsr5QgcxWkb8TjoD7SIUV7vuywrPQsUttzqDbER75I%2BQGHaGZz5t9V3SWyS5uM3ep7kn%2FYh8iZsSO%2BdOSPcO9wbuu3Xd4fZOzlzG1hGvVQGMGjsB6I1TNgWNEUWylc%2BQmiCfdYxG3qbxTfcEUA%2FwVmNrlmNsGqgKZsaGJa7vJk0XvuTKAM%2FuAJ4RKH0dNk7S9ZjF7vIZ7aZtLEROGUVVcY5pzuFwpiL5FZ%2BNHfGniNboa4J2EVslElgHB8AsWq3YWLzYJikIz8%2FJNzJaL7gdtisNbFkT%2B2oy0Q6A%3D%3D  

[debug] [2018-08-20T20:54:02.365Z] <<< HTTP RESPONSE 200
[info] ✔  functions: functions folder uploaded successfully
[debug] [2018-08-20T20:54:02.367Z] >>> HTTP REQUEST GET https://cloudfunctions.googleapis.com/v1/projects/molli-e1c3f/locations/-/functions  
 
[debug] [2018-08-20T20:54:02.898Z] <<< HTTP RESPONSE 200
[info] i  functions: updating Node.js 6 function betCreate(us-central1)...
[debug] [2018-08-20T20:54:02.902Z] Trigger is:  {"eventTrigger":{"resource":"projects/molli-e1c3f/databases/(default)/documents/bets/{betId}","eventType":"providers/cloud.firestore/eventTypes/document.create","service":"firestore.googleapis.com"}}
[info] i  functions: updating Node.js 6 function testDBAPI(us-central1)...
[debug] [2018-08-20T20:54:02.903Z] Trigger is:  {"httpsTrigger":{}}
[info] i  functions: updating Node.js 6 function betaConFetFortniteAPI(us-central1)...
[debug] [2018-08-20T20:54:02.904Z] Trigger is:  {"httpsTrigger":{}}
[debug] [2018-08-20T20:54:02.905Z] >>> HTTP REQUEST PATCH https://cloudfunctions.googleapis.com/v1/projects/molli-e1c3f/locations/us-central1/functions/betCreate 
query params: {"updateMask":"sourceUploadUrl,name,labels,eventTrigger.resource,eventTrigger.eventType,eventTrigger.service"} 

[debug] [2018-08-20T20:54:02.907Z] >>> HTTP REQUEST PATCH https://cloudfunctions.googleapis.com/v1/projects/molli-e1c3f/locations/us-central1/functions/testDBAPI 
query params: {"updateMask":"sourceUploadUrl,name,labels,httpsTrigger"} 

[debug] [2018-08-20T20:54:02.908Z] >>> HTTP REQUEST PATCH https://cloudfunctions.googleapis.com/v1/projects/molli-e1c3f/locations/us-central1/functions/betaConFetFortniteAPI 
query params: {"updateMask":"sourceUploadUrl,name,labels,httpsTrigger"} 

[debug] [2018-08-20T20:54:03.330Z] <<< HTTP RESPONSE 200
[debug] [2018-08-20T20:54:03.332Z] <<< HTTP RESPONSE 200
[debug] [2018-08-20T20:54:03.350Z] <<< HTTP RESPONSE 200
[debug] [2018-08-20T20:54:03.355Z] >>> HTTP REQUEST GET https://cloudfunctions.googleapis.com/v1/projects/molli-e1c3f/locations/-/functions  
 
[debug] [2018-08-20T20:54:03.846Z] <<< HTTP RESPONSE 200
[debug] [2018-08-20T20:54:03.849Z] >>> HTTP REQUEST GET https://cloudfunctions.googleapis.com/v1/operations/bW9sbGktZTFjM2YvdXMtY2VudHJhbDEvYmV0Q3JlYXRlLzRHSEJhNl9VTG9N  
 
[debug] [2018-08-20T20:54:03.849Z] >>> HTTP REQUEST GET https://cloudfunctions.googleapis.com/v1/operations/bW9sbGktZTFjM2YvdXMtY2VudHJhbDEvdGVzdERCQVBJL21XUGIycU53MVFz  
 
[debug] [2018-08-20T20:54:03.849Z] >>> HTTP REQUEST GET https://cloudfunctions.googleapis.com/v1/operations/bW9sbGktZTFjM2YvdXMtY2VudHJhbDEvYmV0YUNvbkZldEZvcnRuaXRlQVBJL0pCeXRZbVZ6ZGJr  
 
[debug] [2018-08-20T20:54:04.212Z] <<< HTTP RESPONSE 200
[debug] [2018-08-20T20:54:04.215Z] <<< HTTP RESPONSE 200
[debug] [2018-08-20T20:54:04.217Z] <<< HTTP RESPONSE 200
[debug] [2018-08-20T20:54:06.215Z] >>> HTTP REQUEST GET https://cloudfunctions.googleapis.com/v1/operations/bW9sbGktZTFjM2YvdXMtY2VudHJhbDEvYmV0YUNvbkZldEZvcnRuaXRlQVBJL0pCeXRZbVZ6ZGJr  
 
[debug] [2018-08-20T20:54:06.217Z] >>> HTTP REQUEST GET https://cloudfunctions.googleapis.com/v1/operations/bW9sbGktZTFjM2YvdXMtY2VudHJhbDEvdGVzdERCQVBJL21XUGIycU53MVFz  
 
[debug] [2018-08-20T20:54:06.218Z] >>> HTTP REQUEST GET https://cloudfunctions.googleapis.com/v1/operations/bW9sbGktZTFjM2YvdXMtY2VudHJhbDEvYmV0Q3JlYXRlLzRHSEJhNl9VTG9N  
 
[debug] [2018-08-20T20:54:06.527Z] <<< HTTP RESPONSE 200
[debug] [2018-08-20T20:54:06.528Z] <<< HTTP RESPONSE 200
[debug] [2018-08-20T20:54:06.549Z] <<< HTTP RESPONSE 200
[debug] [2018-08-20T20:54:08.528Z] >>> HTTP REQUEST GET https://cloudfunctions.googleapis.com/v1/operations/bW9sbGktZTFjM2YvdXMtY2VudHJhbDEvYmV0Q3JlYXRlLzRHSEJhNl9VTG9N  
 
[debug] [2018-08-20T20:54:08.530Z] >>> HTTP REQUEST GET https://cloudfunctions.googleapis.com/v1/operations/bW9sbGktZTFjM2YvdXMtY2VudHJhbDEvdGVzdERCQVBJL21XUGIycU53MVFz  
 
[debug] [2018-08-20T20:54:08.550Z] >>> HTTP REQUEST GET https://cloudfunctions.googleapis.com/v1/operations/bW9sbGktZTFjM2YvdXMtY2VudHJhbDEvYmV0YUNvbkZldEZvcnRuaXRlQVBJL0pCeXRZbVZ6ZGJr  
 
[debug] [2018-08-20T20:54:08.664Z] <<< HTTP RESPONSE 200
[debug] [2018-08-20T20:54:08.865Z] <<< HTTP RESPONSE 200
[debug] [2018-08-20T20:54:08.879Z] <<< HTTP RESPONSE 200
[debug] [2018-08-20T20:54:10.670Z] >>> HTTP REQUEST GET https://cloudfunctions.googleapis.com/v1/operations/bW9sbGktZTFjM2YvdXMtY2VudHJhbDEvYmV0Q3JlYXRlLzRHSEJhNl9VTG9N  
 
[debug] [2018-08-20T20:54:10.870Z] >>> HTTP REQUEST GET https://cloudfunctions.googleapis.com/v1/operations/bW9sbGktZTFjM2YvdXMtY2VudHJhbDEvdGVzdERCQVBJL21XUGIycU53MVFz  
 
[debug] [2018-08-20T20:54:10.881Z] >>> HTTP REQUEST GET https://cloudfunctions.googleapis.com/v1/operations/bW9sbGktZTFjM2YvdXMtY2VudHJhbDEvYmV0YUNvbkZldEZvcnRuaXRlQVBJL0pCeXRZbVZ6ZGJr  
 
[debug] [2018-08-20T20:54:10.997Z] <<< HTTP RESPONSE 200
[debug] [2018-08-20T20:54:11.205Z] <<< HTTP RESPONSE 200
[debug] [2018-08-20T20:54:11.210Z] <<< HTTP RESPONSE 200
[debug] [2018-08-20T20:54:13.000Z] >>> HTTP REQUEST GET https://cloudfunctions.googleapis.com/v1/operations/bW9sbGktZTFjM2YvdXMtY2VudHJhbDEvYmV0Q3JlYXRlLzRHSEJhNl9VTG9N  
 
[debug] [2018-08-20T20:54:13.211Z] >>> HTTP REQUEST GET https://cloudfunctions.googleapis.com/v1/operations/bW9sbGktZTFjM2YvdXMtY2VudHJhbDEvdGVzdERCQVBJL21XUGIycU53MVFz  
 
[debug] [2018-08-20T20:54:13.212Z] >>> HTTP REQUEST GET https://cloudfunctions.googleapis.com/v1/operations/bW9sbGktZTFjM2YvdXMtY2VudHJhbDEvYmV0YUNvbkZldEZvcnRuaXRlQVBJL0pCeXRZbVZ6ZGJr  
 
[debug] [2018-08-20T20:54:13.340Z] <<< HTTP RESPONSE 200
[debug] [2018-08-20T20:54:13.530Z] <<< HTTP RESPONSE 200
[debug] [2018-08-20T20:54:13.543Z] <<< HTTP RESPONSE 200
[debug] [2018-08-20T20:54:15.343Z] >>> HTTP REQUEST GET https://cloudfunctions.googleapis.com/v1/operations/bW9sbGktZTFjM2YvdXMtY2VudHJhbDEvYmV0Q3JlYXRlLzRHSEJhNl9VTG9N  
 
[debug] [2018-08-20T20:54:15.534Z] >>> HTTP REQUEST GET https://cloudfunctions.googleapis.com/v1/operations/bW9sbGktZTFjM2YvdXMtY2VudHJhbDEvdGVzdERCQVBJL21XUGIycU53MVFz  
 
[debug] [2018-08-20T20:54:15.545Z] >>> HTTP REQUEST GET https://cloudfunctions.googleapis.com/v1/operations/bW9sbGktZTFjM2YvdXMtY2VudHJhbDEvYmV0YUNvbkZldEZvcnRuaXRlQVBJL0pCeXRZbVZ6ZGJr  
 
[debug] [2018-08-20T20:54:15.653Z] <<< HTTP RESPONSE 200
[debug] [2018-08-20T20:54:15.689Z] <<< HTTP RESPONSE 200
[debug] [2018-08-20T20:54:15.690Z] <<< HTTP RESPONSE 200
